<?xml version="1.0" encoding="UTF-8"?>
<!-- Generated by org.testng.reporters.JUnitXMLReporter -->
<testsuite hostname="Ganesh-PC" name="Test" tests="2" failures="0" timestamp="22 Jun 2020 06:59:24 GMT" time="1.654" errors="0">
  <testcase name="@BeforeClass setUp" time="0.0" classname="script.TC01">
    <failure type="org.testng.TestNGException" message="
Parameter &amp;apos;browser&amp;apos; is required by @Configuration on method setUp but has not been marked @Optional or defined
in C:\Users\Ganesh\git\Midtrans_Application\Midtrans_Application\testng.xml">
      <![CDATA[org.testng.TestNGException: 
Parameter 'browser' is required by @Configuration on method setUp but has not been marked @Optional or defined
in C:\Users\Ganesh\git\Midtrans_Application\Midtrans_Application\testng.xml
... Removed 22 stack frames]]>
    </failure>
  </testcase> <!-- @BeforeClass setUp -->
  <testcase name="@BeforeMethod reportsName" time="0.0" classname="script.TC01">
    <skipped/>
  </testcase> <!-- @BeforeMethod reportsName -->
  <testcase name="@BeforeMethod reportsName" time="0.0" classname="script.TC01">
    <skipped/>
  </testcase> <!-- @BeforeMethod reportsName -->
  <testcase name="@AfterClass tearDown" time="0.0" classname="script.TC01">
    <skipped/>
  </testcase> <!-- @AfterClass tearDown -->
  <testcase name="SuccessCreditCardPayment" time="0.01" classname="script.TC01">
    <skipped/>
  </testcase> <!-- SuccessCreditCardPayment -->
  <testcase name="FailedCreditCardPayment" time="0.002" classname="script.TC01">
    <skipped/>
  </testcase> <!-- FailedCreditCardPayment -->
</testsuite> <!-- Test -->
